<?xml version="1.0" encoding="UTF-8"?>
<testsuite xmlns:xsi="http://www.w3.org/2001/XMLSchema-instance" xsi:noNamespaceSchemaLocation="https://maven.apache.org/surefire/maven-failsafe-plugin/xsd/failsafe-test-report-3.0.xsd" version="3.0" name="runner.CucumberTestSuite" time="13.423" tests="6" errors="0" skipped="0" failures="0">
  <properties>
[...]
</properties>
  <testcase name="Verify API response time is less than 3 seconds" classname="Exchange Rate API" time="7.212">
    <system-out><![CDATA[
@responseTime
Scenario: Verify API response time is less than 3 seconds                       &amp#27;[90m# features/exchange_rate.feature:4&amp#27;[0m
  &amp#27;[32mGiven &amp#27;[0m&amp#27;[32m&amp#27;[0m&amp#27;[32m&amp#27;[1mapiUser&amp#27;[0m&amp#27;[32m makes a GET request to &amp#27;[0m&amp#27;[32m&amp#27;[1m'/latest/USD'&amp#27;[0m                            &amp#27;[90m# stepdefinition.ExchangeRateStepDefinitions.makeGetRequest(net.serenitybdd.screenplay.Actor,java.lang.String)&amp#27;[0m
  &amp#27;[32mWhen &amp#27;[0m&amp#27;[32mthe response is received&amp#27;[0m                                                 &amp#27;[90m# stepdefinition.ExchangeRateStepDefinitions.receiveResponse()&amp#27;[0m
API response time: 0 seconds
  &amp#27;[32mThen &amp#27;[0m&amp#27;[32m&amp#27;[0m&amp#27;[32m&amp#27;[1mapiUser&amp#27;[0m&amp#27;[32m sees the response time should be less than or equal to &amp#27;[0m&amp#27;[32m&amp#27;[1m3&amp#27;[0m&amp#27;[32m seconds&amp#27;[0m &amp#27;[90m# stepdefinition.ExchangeRateStepDefinitions.verifyResponseTime(net.serenitybdd.screenplay.Actor,int)&amp#27;[0m
  &amp#27;[32mAnd &amp#27;[0m&amp#27;[32m&amp#27;[0m&amp#27;[32m&amp#27;[1mthe API user&amp#27;[0m&amp#27;[32m should not complain with an APIError&amp#27;[0m                         &amp#27;[90m# stepdefinition.ExchangeRateStepDefinitions.shouldNotComplainWithAPIError(net.serenitybdd.screenplay.Actor)&amp#27;[0m
]]></system-out>
    <system-err><![CDATA[SLF4J: No SLF4J providers were found.
SLF4J: Defaulting to no-operation (NOP) logger implementation
SLF4J: See https://www.slf4j.org/codes.html#noProviders for further details.
SLF4J: Class path contains SLF4J bindings targeting slf4j-api versions 1.7.x or earlier.
SLF4J: Ignoring binding found at [jar:file:/C:/Users/Vaishali/.m2/repository/ch/qos/logback/logback-classic/1.2.10/logback-classic-1.2.10.jar!/org/slf4j/impl/StaticLoggerBinder.class]
SLF4J: See https://www.slf4j.org/codes.html#ignoredBindings for an explanation.
]]></system-err>
  </testcase>
  <testcase name="Verify API status code is 200" classname="Exchange Rate API" time="0.195">
    <system-out><![CDATA[
@statusCode
Scenario: Verify API status code is 200                   &amp#27;[90m# features/exchange_rate.feature:11&amp#27;[0m
  &amp#27;[32mGiven &amp#27;[0m&amp#27;[32m&amp#27;[0m&amp#27;[32m&amp#27;[1mthe API user&amp#27;[0m&amp#27;[32m makes a GET request to &amp#27;[0m&amp#27;[32m&amp#27;[1m'/latest/USD'&amp#27;[0m &amp#27;[90m# stepdefinition.ExchangeRateStepDefinitions.makeGetRequest(net.serenitybdd.screenplay.Actor,java.lang.String)&amp#27;[0m
  &amp#27;[32mThen &amp#27;[0m&amp#27;[32m&amp#27;[0m&amp#27;[32m&amp#27;[1mthe API user&amp#27;[0m&amp#27;[32m receives the response status code &amp#27;[0m&amp#27;[32m&amp#27;[1m200&amp#27;[0m &amp#27;[90m# stepdefinition.ExchangeRateStepDefinitions.verifyResponseStatusCode(net.serenitybdd.screenplay.Actor,int)&amp#27;[0m
]]></system-out>
  </testcase>
  <testcase name="Verify USD to AED rate is within a specific range" classname="Exchange Rate API" time="1.414">
    <system-out><![CDATA[
@rateRange
Scenario: Verify USD to AED rate is within a specific range                              &amp#27;[90m# features/exchange_rate.feature:16&amp#27;[0m
  &amp#27;[32mGiven &amp#27;[0m&amp#27;[32m&amp#27;[0m&amp#27;[32m&amp#27;[1mthe API user&amp#27;[0m&amp#27;[32m makes a GET request to &amp#27;[0m&amp#27;[32m&amp#27;[1m'/latest/USD'&amp#27;[0m                                &amp#27;[90m# stepdefinition.ExchangeRateStepDefinitions.makeGetRequest(net.serenitybdd.screenplay.Actor,java.lang.String)&amp#27;[0m
  &amp#27;[32mThen &amp#27;[0m&amp#27;[32m&amp#27;[0m&amp#27;[32m&amp#27;[1mthe API user&amp#27;[0m&amp#27;[32m looks for the USD to AED rate should be greater than or equal to &amp#27;[0m&amp#27;[32m&amp#27;[1m3.6&amp#27;[0m &amp#27;[90m# stepdefinition.ExchangeRateStepDefinitions.verifyRateGreaterThanOrEqualTo(net.serenitybdd.screenplay.Actor,double)&amp#27;[0m
  &amp#27;[32mAnd &amp#27;[0m&amp#27;[32m&amp#27;[0m&amp#27;[32m&amp#27;[1mthe API user&amp#27;[0m&amp#27;[32m looks for the USD to AED rate should be less than or equal to &amp#27;[0m&amp#27;[32m&amp#27;[1m3.7&amp#27;[0m     &amp#27;[90m# stepdefinition.ExchangeRateStepDefinitions.verifyRateLessThanOrEqualTo(net.serenitybdd.screenplay.Actor,double)&amp#27;[0m
  &amp#27;[32mAnd &amp#27;[0m&amp#27;[32m&amp#27;[0m&amp#27;[32m&amp#27;[1mhe&amp#27;[0m&amp#27;[32m looks for the API response status code should be less than or equal to &amp#27;[0m&amp#27;[32m&amp#27;[1m400&amp#27;[0m      &amp#27;[90m# stepdefinition.ExchangeRateStepDefinitions.verifyResponseStatusCodes(net.serenitybdd.screenplay.Actor,int)&amp#27;[0m
]]></system-out>
  </testcase>
  <testcase name="Verify API response for valid and incorrect endpoints" classname="Exchange Rate API" time="1.702">
    <system-out><![CDATA[
@validAndIncorrectEndpoints
Scenario: Verify API response for valid and incorrect endpoints                                               &amp#27;[90m# features/exchange_rate.feature:24&amp#27;[0m
  &amp#27;[32mGiven &amp#27;[0m&amp#27;[32mthe API user exists&amp#27;[0m                                                                                   &amp#27;[90m# stepdefinition.ExchangeRateStepDefinitions.theAPIUserExists()&amp#27;[0m
  &amp#27;[32mWhen &amp#27;[0m&amp#27;[32m&amp#27;[0m&amp#27;[32m&amp#27;[1mthe user&amp#27;[0m&amp#27;[32m makes a GET request to &amp#27;[0m&amp#27;[32m&amp#27;[1m'/latest/USD'&amp#27;[0m                                                          &amp#27;[90m# stepdefinition.ExchangeRateStepDefinitions.makeGetRequest(net.serenitybdd.screenplay.Actor,java.lang.String)&amp#27;[0m
  &amp#27;[32mThen &amp#27;[0m&amp#27;[32m&amp#27;[0m&amp#27;[32m&amp#27;[1mhe&amp#27;[0m&amp#27;[32m looks for the response status code for USD should be &amp#27;[0m&amp#27;[32m&amp#27;[1m200&amp#27;[0m                                            &amp#27;[90m# stepdefinition.ExchangeRateStepDefinitions.verifyUSDResponseStatusCode(net.serenitybdd.screenplay.Actor,int)&amp#27;[0m
  &amp#27;[32mAnd &amp#27;[0m&amp#27;[32m&amp#27;[0m&amp#27;[32m&amp#27;[1mhe&amp#27;[0m&amp#27;[32m looks for the response body for USD should have &amp#27;[0m&amp#27;[32m&amp#27;[1m"result"&amp#27;[0m&amp#27;[32m equal to &amp#27;[0m&amp#27;[32m&amp#27;[1m"success"&amp#27;[0m                          &amp#27;[90m# stepdefinition.ExchangeRateStepDefinitions.verifyUSDResponseBody(net.serenitybdd.screenplay.Actor,java.lang.String,java.lang.String)&amp#27;[0m
  &amp#27;[32mWhen &amp#27;[0m&amp#27;[32m&amp#27;[0m&amp#27;[32m&amp#27;[1mthe user&amp#27;[0m&amp#27;[32m makes a GET request to &amp#27;[0m&amp#27;[32m&amp#27;[1m"/latest/USD123"&amp#27;[0m                                                       &amp#27;[90m# stepdefinition.ExchangeRateStepDefinitions.makeGetRequest(net.serenitybdd.screenplay.Actor,java.lang.String)&amp#27;[0m
  &amp#27;[32mThen &amp#27;[0m&amp#27;[32m&amp#27;[0m&amp#27;[32m&amp#27;[1mhe&amp#27;[0m&amp#27;[32m looks for the response status code for the incorrect endpoint should be &amp#27;[0m&amp#27;[32m&amp#27;[1m404&amp#27;[0m                         &amp#27;[90m# stepdefinition.ExchangeRateStepDefinitions.verifyIncorrectEndpointResponseStatusCode(net.serenitybdd.screenplay.Actor,int)&amp#27;[0m
  &amp#27;[32mAnd &amp#27;[0m&amp#27;[32m&amp#27;[0m&amp#27;[32m&amp#27;[1mhe&amp#27;[0m&amp#27;[32m looks for the response body for the incorrect endpoint should contain &amp#27;[0m&amp#27;[32m&amp#27;[1m"<h1>404 Not Found</h1>"&amp#27;[0m       &amp#27;[90m# stepdefinition.ExchangeRateStepDefinitions.verifyIncorrectEndpointResponseBodyContains(net.serenitybdd.screenplay.Actor,java.lang.String)&amp#27;[0m
  &amp#27;[32mAnd &amp#27;[0m&amp#27;[32m&amp#27;[0m&amp#27;[32m&amp#27;[1mhe&amp#27;[0m&amp#27;[32m looks for the response body for the incorrect endpoint should contain &amp#27;[0m&amp#27;[32m&amp#27;[1m"<title>404 Not Found</title>"&amp#27;[0m &amp#27;[90m# stepdefinition.ExchangeRateStepDefinitions.verifyIncorrectEndpointResponseBodyContains(net.serenitybdd.screenplay.Actor,java.lang.String)&amp#27;[0m
  &amp#27;[32mAnd &amp#27;[0m&amp#27;[32m&amp#27;[0m&amp#27;[32m&amp#27;[1mhe&amp#27;[0m&amp#27;[32m looks for the response body for the incorrect endpoint should contain &amp#27;[0m&amp#27;[32m&amp#27;[1m"<center>nginx</center>"&amp#27;[0m       &amp#27;[90m# stepdefinition.ExchangeRateStepDefinitions.verifyIncorrectEndpointResponseBodyContains(net.serenitybdd.screenplay.Actor,java.lang.String)&amp#27;[0m
]]></system-out>
  </testcase>
  <testcase name="Verify 162 currency pairs are returned" classname="Exchange Rate API" time="0.293">
    <system-out><![CDATA[
@currencyPairs
Scenario: Verify 162 currency pairs are returned                        &amp#27;[90m# features/exchange_rate.feature:38&amp#27;[0m
  &amp#27;[32mGiven &amp#27;[0m&amp#27;[32m&amp#27;[0m&amp#27;[32m&amp#27;[1mthe API user&amp#27;[0m&amp#27;[32m makes a GET request to &amp#27;[0m&amp#27;[32m&amp#27;[1m'/latest/USD'&amp#27;[0m               &amp#27;[90m# stepdefinition.ExchangeRateStepDefinitions.makeGetRequest(net.serenitybdd.screenplay.Actor,java.lang.String)&amp#27;[0m
  &amp#27;[32mThen &amp#27;[0m&amp#27;[32m&amp#27;[0m&amp#27;[32m&amp#27;[1mhe&amp#27;[0m&amp#27;[32m looks for the number of currency pairs returned should be &amp#27;[0m&amp#27;[32m&amp#27;[1m162&amp#27;[0m &amp#27;[90m# stepdefinition.ExchangeRateStepDefinitions.verifyNumberOfCurrencyPairs(net.serenitybdd.screenplay.Actor,int)&amp#27;[0m
]]></system-out>
  </testcase>
  <testcase name="Verify API response matches JSON schema" classname="Exchange Rate API" time="0.326">
    <system-out><![CDATA[
@jsonSchema
Scenario: Verify API response matches JSON schema                 &amp#27;[90m# features/exchange_rate.feature:43&amp#27;[0m
  &amp#27;[32mGiven &amp#27;[0m&amp#27;[32m&amp#27;[0m&amp#27;[32m&amp#27;[1mthe API user&amp#27;[0m&amp#27;[32m makes a GET request to &amp#27;[0m&amp#27;[32m&amp#27;[1m'/latest/USD'&amp#27;[0m         &amp#27;[90m# stepdefinition.ExchangeRateStepDefinitions.makeGetRequest(net.serenitybdd.screenplay.Actor,java.lang.String)&amp#27;[0m
  &amp#27;[32mThen &amp#27;[0m&amp#27;[32m&amp#27;[0m&amp#27;[32m&amp#27;[1mhe&amp#27;[0m&amp#27;[32m looks for the API response should match the JSON schema&amp#27;[0m &amp#27;[90m# stepdefinition.ExchangeRateStepDefinitions.verifyApiResponseMatchesJsonSchema(net.serenitybdd.screenplay.Actor)&amp#27;[0m
  &amp#27;[32mAnd &amp#27;[0m&amp#27;[32m&amp#27;[0m&amp#27;[32m&amp#27;[1mthe API user&amp#27;[0m&amp#27;[32m should not complain with an APIError&amp#27;[0m           &amp#27;[90m# stepdefinition.ExchangeRateStepDefinitions.shouldNotComplainWithAPIError(net.serenitybdd.screenplay.Actor)&amp#27;[0m
]]></system-out>
  </testcase>
</testsuite>