<?xml version="1.0" encoding="UTF-8" standalone="no"?><testsuite errors="0" failures="0" name="Exchange Rate API" skipped="0" tests="6" time="22.28" timestamp="2024-03-29 12:52:51"><testcase name="Verify API response time is less than 3 seconds"/><testcase name="Verify API status code is 200"/><testcase name="Verify USD to AED rate is within a specific range"/><testcase name="Verify API response for valid and incorrect endpoints"/><testcase name="Verify 162 currency pairs are returned"/><testcase name="Verify API response matches JSON schema"/></testsuite>